>>>>>>>>>>>>>>>> [['bool', 'ns3::Ptr<ns3::NetDevice>', 'ns3::Ptr<ns3::Packet const>', 'unsigned short', 'ns3::Address const&', 'ns3::Address const&', 'ns3::NetDevice::PacketType', 'ns3::empty', 'ns3::empty', 'ns3::empty'], ['bool', 'ns3::Ptr<ns3::NetDevice>', 'ns3::Ptr<ns3::Packet const>', 'unsigned short', 'ns3::Address const&', 'ns3::empty', 'ns3::empty', 'ns3::empty', 'ns3::empty', 'ns3::empty'], ['std::pair<unsigned int, double>', 'ns3::Ptr<ns3::Packet>', 'ns3::empty', 'ns3::empty', 'ns3::empty', 'ns3::empty', 'ns3::empty', 'ns3::empty', 'ns3::empty', 'ns3::empty'], ['void', 'ns3::Ptr<ns3::NetDevice>', 'ns3::Ptr<ns3::Packet const>', 'unsigned short', 'ns3::Address const&', 'ns3::Address const&', 'ns3::NetDevice::PacketType', 'ns3::empty', 'ns3::empty', 'ns3::empty']]
***** registering callback handler: 'ns3::Callback< bool, ns3::Ptr< ns3::NetDevice >, ns3::Ptr< ns3::Packet const >, unsigned short, ns3::Address const &, ns3::Address const &, ns3::NetDevice::PacketType, ns3::empty, ns3::empty, ns3::empty >'
***** registering callback handler: 'ns3::Callback< bool, ns3::Ptr< ns3::NetDevice >, ns3::Ptr< ns3::Packet const >, unsigned short, ns3::Address const &, ns3::empty, ns3::empty, ns3::empty, ns3::empty, ns3::empty >'
/home/czhe/Documents/ns-allinone-3.16/ns-3.16/bindings/python/ns3modulegen_core_customizations.py:206: Warning: ***** Unable to register callback; Return value 'std::pair<unsigned int, double>' error (used in ns3::Callback< std::pair<unsigned int, double>, ns3::Ptr<ns3::Packet>, ns3::empty, ns3::empty, ns3::empty, ns3::empty, ns3::empty, ns3::empty, ns3::empty, ns3::empty >): TypeLookupError(['std::pair< unsigned int, double >'],)
  Warning)
***** registering callback handler: 'ns3::Callback< void, ns3::Ptr< ns3::NetDevice >, ns3::Ptr< ns3::Packet const >, unsigned short, ns3::Address const &, ns3::Address const &, ns3::NetDevice::PacketType, ns3::empty, ns3::empty, ns3::empty >'
/home/czhe/Documents/ns-allinone-3.16/ns-3.16/src/point-to-point/bindings/modulegen__gcc_LP64.py:452: Warning: exception TypeConfigurationError('direction not given',) in wrapper <pybindgen.cppmethod.CppConstructor object at 0x7f5680f4f5d0>
  cls.add_constructor([param('uint8_t', 'type'), param('uint8_t const *', 'buffer'), param('uint8_t', 'len')])
/home/czhe/Documents/ns-allinone-3.16/ns-3.16/src/point-to-point/bindings/modulegen__gcc_LP64.py:463: Warning: exception TypeConfigurationError('direction not given',) in wrapper public: retval? ???::CopyAllFrom (params?);
  [param('uint8_t const *', 'buffer'), param('uint8_t', 'len')])
/home/czhe/Documents/ns-allinone-3.16/ns-3.16/src/point-to-point/bindings/modulegen__gcc_LP64.py:468: Warning: exception TypeConfigurationError('direction not given',) in wrapper public: retval? ???::CopyAllTo (params?) const;
  is_const=True)
/home/czhe/Documents/ns-allinone-3.16/ns-3.16/src/point-to-point/bindings/modulegen__gcc_LP64.py:472: Warning: exception TypeConfigurationError('direction not given',) in wrapper public: retval? ???::CopyFrom (params?);
  [param('uint8_t const *', 'buffer'), param('uint8_t', 'len')])
/home/czhe/Documents/ns-allinone-3.16/ns-3.16/src/point-to-point/bindings/modulegen__gcc_LP64.py:477: Warning: exception TypeConfigurationError('direction not given',) in wrapper public: retval? ???::CopyTo (params?) const;
  is_const=True)
/home/czhe/Documents/ns-allinone-3.16/ns-3.16/src/point-to-point/bindings/modulegen__gcc_LP64.py:646: Warning: exception TypeLookupError(['std::_List_const_iterator< ns3::AttributeConstructionList::Item >'],) in wrapper public: retval? ???::Begin (params?) const;
  is_const=True)
/home/czhe/Documents/ns-allinone-3.16/ns-3.16/src/point-to-point/bindings/modulegen__gcc_LP64.py:651: Warning: exception TypeLookupError(['std::_List_const_iterator< ns3::AttributeConstructionList::Item >'],) in wrapper public: retval? ???::End (params?) const;
  is_const=True)
/home/czhe/Documents/ns-allinone-3.16/ns-3.16/src/point-to-point/bindings/modulegen__gcc_LP64.py:702: Warning: exception TypeLookupError(['std::ostream *'],) in wrapper public: retval? ???::CopyData (params?) const;
  is_const=True)
/home/czhe/Documents/ns-allinone-3.16/ns-3.16/src/point-to-point/bindings/modulegen__gcc_LP64.py:707: Warning: exception TypeConfigurationError('direction not given',) in wrapper public: retval? ???::CopyData (params?) const;
  is_const=True)
/home/czhe/Documents/ns-allinone-3.16/ns-3.16/src/point-to-point/bindings/modulegen__gcc_LP64.py:721: Warning: exception TypeConfigurationError('direction not given',) in wrapper public: retval? ???::Deserialize (params?);
  [param('uint8_t const *', 'buffer'), param('uint32_t', 'size')])
/home/czhe/Documents/ns-allinone-3.16/ns-3.16/src/point-to-point/bindings/modulegen__gcc_LP64.py:751: Warning: exception TypeLookupError(['uint8_t *'],) in wrapper public: retval? ???::PeekData (params?) const;
  is_const=True)
/home/czhe/Documents/ns-allinone-3.16/ns-3.16/src/point-to-point/bindings/modulegen__gcc_LP64.py:764: Warning: exception TypeConfigurationError('direction not given',) in wrapper public: retval? ???::Serialize (params?) const;
  is_const=True)
/home/czhe/Documents/ns-allinone-3.16/ns-3.16/src/point-to-point/bindings/modulegen__gcc_LP64.py:819: Warning: exception TypeConfigurationError('direction not given',) in wrapper public: retval? ???::Read (params?);
  [param('uint8_t *', 'buffer'), param('uint32_t', 'size')])
/home/czhe/Documents/ns-allinone-3.16/ns-3.16/src/point-to-point/bindings/modulegen__gcc_LP64.py:863: Warning: exception TypeConfigurationError('direction not given',) in wrapper public: retval? ???::Write (params?);
  [param('uint8_t const *', 'buffer'), param('uint32_t', 'size')])
/home/czhe/Documents/ns-allinone-3.16/ns-3.16/src/point-to-point/bindings/modulegen__gcc_LP64.py:1077: Warning: exception TypeLookupError(['ns3::Ptr< ns3::EventImpl > &'],) in wrapper <pybindgen.cppmethod.CppConstructor object at 0x7f5680dc81d0>
  cls.add_constructor([param('ns3::Ptr< ns3::EventImpl > const &', 'impl'), param('uint64_t', 'ts'), param('uint32_t', 'context'), param('uint32_t', 'uid')])
/home/czhe/Documents/ns-allinone-3.16/ns-3.16/src/point-to-point/bindings/modulegen__gcc_LP64.py:1111: Warning: exception TypeConfigurationError('Either caller_owns_return or self.reference_existing_object must be given',) in wrapper public: retval? ???::PeekEventImpl (params?) const;
  is_const=True)
/home/czhe/Documents/ns-allinone-3.16/ns-3.16/src/point-to-point/bindings/modulegen__gcc_LP64.py:1141: Warning: exception TypeConfigurationError('direction not given',) in wrapper public: retval? ???::Deserialize (params?);
  is_static=True)
/home/czhe/Documents/ns-allinone-3.16/ns-3.16/src/point-to-point/bindings/modulegen__gcc_LP64.py:1206: Warning: exception TypeLookupError(['std::ostream &'],) in wrapper public: retval? ???::Print (params?) const;
  is_const=True)
/home/czhe/Documents/ns-allinone-3.16/ns-3.16/src/point-to-point/bindings/modulegen__gcc_LP64.py:1211: Warning: exception TypeConfigurationError('direction not given',) in wrapper public: retval? ???::Serialize (params?) const;
  is_const=True)
/home/czhe/Documents/ns-allinone-3.16/ns-3.16/src/point-to-point/bindings/modulegen__gcc_LP64.py:1278: Warning: exception TypeLookupError(['std::ostream &'],) in wrapper public: retval? ???::Print (params?) const;
  is_const=True)
/home/czhe/Documents/ns-allinone-3.16/ns-3.16/src/point-to-point/bindings/modulegen__gcc_LP64.py:1295: Warning: exception TypeConfigurationError('direction not given',) in wrapper <pybindgen.cppmethod.CppConstructor object at 0x7f5680d2d250>
  cls.add_constructor([param('uint8_t *', 'address')])
/home/czhe/Documents/ns-allinone-3.16/ns-3.16/src/point-to-point/bindings/modulegen__gcc_LP64.py:1313: Warning: exception TypeConfigurationError('direction not given',) in wrapper public: retval? ???::Deserialize (params?);
  is_static=True)
/home/czhe/Documents/ns-allinone-3.16/ns-3.16/src/point-to-point/bindings/modulegen__gcc_LP64.py:1338: Warning: exception TypeConfigurationError('direction not given',) in wrapper public: retval? ???::GetBytes (params?) const;
  is_const=True)
/home/czhe/Documents/ns-allinone-3.16/ns-3.16/src/point-to-point/bindings/modulegen__gcc_LP64.py:1442: Warning: exception TypeLookupError(['std::ostream &'],) in wrapper public: retval? ???::Print (params?) const;
  is_const=True)
/home/czhe/Documents/ns-allinone-3.16/ns-3.16/src/point-to-point/bindings/modulegen__gcc_LP64.py:1447: Warning: exception TypeConfigurationError('direction not given',) in wrapper public: retval? ???::Serialize (params?) const;
  is_const=True)
/home/czhe/Documents/ns-allinone-3.16/ns-3.16/src/point-to-point/bindings/modulegen__gcc_LP64.py:1455: Warning: exception TypeConfigurationError('direction not given',) in wrapper public: retval? ???::Set (params?);
  [param('uint8_t *', 'address')])
/home/czhe/Documents/ns-allinone-3.16/ns-3.16/src/point-to-point/bindings/modulegen__gcc_LP64.py:1465: Warning: exception TypeConfigurationError('direction not given',) in wrapper <pybindgen.cppmethod.CppConstructor object at 0x7f5680cf8590>
  cls.add_constructor([param('uint8_t *', 'prefix')])
/home/czhe/Documents/ns-allinone-3.16/ns-3.16/src/point-to-point/bindings/modulegen__gcc_LP64.py:1478: Warning: exception TypeConfigurationError('direction not given',) in wrapper public: retval? ???::GetBytes (params?) const;
  is_const=True)
/home/czhe/Documents/ns-allinone-3.16/ns-3.16/src/point-to-point/bindings/modulegen__gcc_LP64.py:1513: Warning: exception TypeLookupError(['std::ostream &'],) in wrapper public: retval? ???::Print (params?) const;
  is_const=True)
/home/czhe/Documents/ns-allinone-3.16/ns-3.16/src/point-to-point/bindings/modulegen__gcc_LP64.py:1540: Warning: exception TypeConfigurationError('direction not given',) in wrapper public: retval? ???::CopyFrom (params?);
  [param('uint8_t const *', 'buffer')])
/home/czhe/Documents/ns-allinone-3.16/ns-3.16/src/point-to-point/bindings/modulegen__gcc_LP64.py:1545: Warning: exception TypeConfigurationError('direction not given',) in wrapper public: retval? ???::CopyTo (params?) const;
  is_const=True)
/home/czhe/Documents/ns-allinone-3.16/ns-3.16/src/point-to-point/bindings/modulegen__gcc_LP64.py:1615: Warning: exception TypeLookupError(['__gnu_cxx::__normal_iterator< ns3::Ptr< ns3::NetDevice > const, std::vector< ns3::Ptr< ns3::NetDevice > > >'],) in wrapper public: retval? ???::Begin (params?) const;
  is_const=True)
/home/czhe/Documents/ns-allinone-3.16/ns-3.16/src/point-to-point/bindings/modulegen__gcc_LP64.py:1620: Warning: exception TypeLookupError(['__gnu_cxx::__normal_iterator< ns3::Ptr< ns3::NetDevice > const, std::vector< ns3::Ptr< ns3::NetDevice > > >'],) in wrapper public: retval? ???::End (params?) const;
  is_const=True)
/home/czhe/Documents/ns-allinone-3.16/ns-3.16/src/point-to-point/bindings/modulegen__gcc_LP64.py:1666: Warning: exception TypeLookupError(['__gnu_cxx::__normal_iterator< ns3::Ptr< ns3::Node > const, std::vector< ns3::Ptr< ns3::Node > > >'],) in wrapper public: retval? ???::Begin (params?) const;
  is_const=True)
/home/czhe/Documents/ns-allinone-3.16/ns-3.16/src/point-to-point/bindings/modulegen__gcc_LP64.py:1679: Warning: exception TypeLookupError(['__gnu_cxx::__normal_iterator< ns3::Ptr< ns3::Node > const, std::vector< ns3::Ptr< ns3::Node > > >'],) in wrapper public: retval? ???::End (params?) const;
  is_const=True)
/home/czhe/Documents/ns-allinone-3.16/ns-3.16/src/point-to-point/bindings/modulegen__gcc_LP64.py:1767: Warning: exception TypeConfigurationError('Missing transfer_ownership option',) in wrapper public: retval? ???::Delete (params?);
  is_static=True)
/home/czhe/Documents/ns-allinone-3.16/ns-3.16/src/point-to-point/bindings/modulegen__gcc_LP64.py:1840: Warning: exception TypeConfigurationError('direction not given',) in wrapper public: retval? ???::Deserialize (params?);
  [param('uint8_t const *', 'buffer'), param('uint32_t', 'size')])
/home/czhe/Documents/ns-allinone-3.16/ns-3.16/src/point-to-point/bindings/modulegen__gcc_LP64.py:1881: Warning: exception TypeConfigurationError('direction not given',) in wrapper public: retval? ???::Serialize (params?) const;
  is_const=True)
bindings/python/ns3modulegen-modular.py:27: UserWarning: exception TypeLookupError(['uint8_t [ 20 ]'],) in wrapper None
  warnings.warn("exception %r in wrapper %s" % (exception, wrapper))
bindings/python/ns3modulegen-modular.py:27: UserWarning: exception TypeConfigurationError('Either caller_owns_return or self.reference_existing_object must be given',) in wrapper None
  warnings.warn("exception %r in wrapper %s" % (exception, wrapper))
/home/czhe/Documents/ns-allinone-3.16/ns-3.16/src/point-to-point/bindings/modulegen__gcc_LP64.py:2008: Warning: exception TypeLookupError(['uint32_t &'],) in wrapper public: retval? ???::Diff (params?);
  is_static=True)
/home/czhe/Documents/ns-allinone-3.16/ns-3.16/src/point-to-point/bindings/modulegen__gcc_LP64.py:2062: Warning: exception TypeConfigurationError('direction not given',) in wrapper public: retval? ???::Read (params?);
  [param('uint8_t * const', 'data'), param('uint32_t', 'maxBytes'), param('uint32_t &', 'tsSec'), param('uint32_t &', 'tsUsec'), param('uint32_t &', 'inclLen'), param('uint32_t &', 'origLen'), param('uint32_t &', 'readLen')])
/home/czhe/Documents/ns-allinone-3.16/ns-3.16/src/point-to-point/bindings/modulegen__gcc_LP64.py:2066: Warning: exception TypeConfigurationError('direction not given',) in wrapper public: retval? ???::Write (params?);
  [param('uint32_t', 'tsSec'), param('uint32_t', 'tsUsec'), param('uint8_t const * const', 'data'), param('uint32_t', 'totalLen')])
/home/czhe/Documents/ns-allinone-3.16/ns-3.16/src/point-to-point/bindings/modulegen__gcc_LP64.py:2224: Warning: exception TypeLookupError(['ns3::Ptr< ns3::SimulatorImpl >', 'ns3::SimulatorImpl *'],) in wrapper public: retval? ???::GetImplementation (params?);
  is_static=True)
/home/czhe/Documents/ns-allinone-3.16/ns-3.16/src/point-to-point/bindings/modulegen__gcc_LP64.py:2259: Warning: exception TypeLookupError(['ns3::Ptr< ns3::SimulatorImpl >', 'ns3::SimulatorImpl *'],) in wrapper public: retval? ???::SetImplementation (params?);
  is_static=True)
/home/czhe/Documents/ns-allinone-3.16/ns-3.16/src/point-to-point/bindings/modulegen__gcc_LP64.py:2301: Warning: exception TypeLookupError(['std::ostream &'],) in wrapper public: virtual retval? ???::Print (params?) const = 0;
  is_pure_virtual=True, is_const=True, is_virtual=True)
/home/czhe/Documents/ns-allinone-3.16/ns-3.16/src/point-to-point/bindings/modulegen__gcc_LP64.py:2313: Warning: exception TypeConfigurationError('direction not given',) in wrapper <pybindgen.cppmethod.CppConstructor object at 0x7f5680b0b8d0>
  cls.add_constructor([param('uint8_t *', 'start'), param('uint8_t *', 'end')])
/home/czhe/Documents/ns-allinone-3.16/ns-3.16/src/point-to-point/bindings/modulegen__gcc_LP64.py:2321: Warning: exception TypeConfigurationError('direction not given',) in wrapper public: retval? ???::Read (params?);
  [param('uint8_t *', 'buffer'), param('uint32_t', 'size')])
/home/czhe/Documents/ns-allinone-3.16/ns-3.16/src/point-to-point/bindings/modulegen__gcc_LP64.py:2349: Warning: exception TypeConfigurationError('direction not given',) in wrapper public: retval? ???::Write (params?);
  [param('uint8_t const *', 'buffer'), param('uint32_t', 'size')])
/home/czhe/Documents/ns-allinone-3.16/ns-3.16/src/point-to-point/bindings/modulegen__gcc_LP64.py:2414: Warning: exception TypeLookupError(['ns3::Callback< ns3::ObjectBase *, ns3::empty, ns3::empty, ns3::empty, ns3::empty, ns3::empty, ns3::empty, ns3::empty, ns3::empty, ns3::empty >'],) in wrapper public: retval? ???::GetConstructor (params?) const;
  is_const=True)
bindings/python/ns3modulegen-modular.py:27: UserWarning: exception TypeLookupError(['short unsigned int'],) in wrapper None
  warnings.warn("exception %r in wrapper %s" % (exception, wrapper))
/home/czhe/Documents/ns-allinone-3.16/ns-3.16/src/point-to-point/bindings/modulegen__gcc_LP64.py:2679: Warning: exception TypeLookupError(['std::ostream &'],) in wrapper public: virtual retval? ???::Print (params?) const = 0;
  is_pure_virtual=True, is_const=True, is_virtual=True)
/home/czhe/Documents/ns-allinone-3.16/ns-3.16/src/point-to-point/bindings/modulegen__gcc_LP64.py:2707: Warning: exception TypeLookupError(['std::ostream &'],) in wrapper public: virtual retval? ???::Print (params?) const = 0;
  is_pure_virtual=True, is_const=True, is_virtual=True)
/home/czhe/Documents/ns-allinone-3.16/ns-3.16/src/point-to-point/bindings/modulegen__gcc_LP64.py:2826: Warning: exception TypeConfigurationError('direction not given',) in wrapper public: retval? ???::Write (params?);
  [param('ns3::Time', 't'), param('uint8_t const *', 'buffer'), param('uint32_t', 'length')])
/home/czhe/Documents/ns-allinone-3.16/ns-3.16/src/point-to-point/bindings/modulegen__gcc_LP64.py:2890: Warning: exception TypeLookupError(['std::ostream &'],) in wrapper public: virtual retval? ???::Print (params?) const;
  is_const=True, is_virtual=True)
/home/czhe/Documents/ns-allinone-3.16/ns-3.16/src/point-to-point/bindings/modulegen__gcc_LP64.py:3030: Warning: exception TypeLookupError(['ns3::RngStream *'],) in wrapper protected: retval? ???::Peek (params?) const;
  is_const=True, visibility='protected')
/home/czhe/Documents/ns-allinone-3.16/ns-3.16/src/point-to-point/bindings/modulegen__gcc_LP64.py:3205: Warning: exception TypeLookupError(['uint'],) in wrapper public: retval? ???::GetNBytes (params?);
  [])
/home/czhe/Documents/ns-allinone-3.16/ns-3.16/src/point-to-point/bindings/modulegen__gcc_LP64.py:3261: Warning: exception TypeLookupError(['uint'],) in wrapper public: retval? ???::ReduceToken (params?);
  [param('uint', 'bytes')])
/home/czhe/Documents/ns-allinone-3.16/ns-3.16/src/point-to-point/bindings/modulegen__gcc_LP64.py:3472: Warning: exception TypeLookupError(['std::ostream &'],) in wrapper public: virtual retval? ???::Print (params?) const = 0;
  is_pure_virtual=True, is_const=True, is_virtual=True)
/home/czhe/Documents/ns-allinone-3.16/ns-3.16/src/point-to-point/bindings/modulegen__gcc_LP64.py:3569: Warning: exception TypeLookupError(['uint'],) in wrapper public: retval? ???::GetLongestFlowId (params?);
  [])
/home/czhe/Documents/ns-allinone-3.16/ns-3.16/src/point-to-point/bindings/modulegen__gcc_LP64.py:3574: Warning: exception TypeLookupError(['uint'],) in wrapper public: retval? ???::GetTotalBytes (params?) const;
  is_const=True)
/home/czhe/Documents/ns-allinone-3.16/ns-3.16/src/point-to-point/bindings/modulegen__gcc_LP64.py:3587: Warning: exception TypeLookupError(['ns3::Callback< std::pair< unsigned int, double >, ns3::Ptr< ns3::Packet >, ns3::empty, ns3::empty, ns3::empty, ns3::empty, ns3::empty, ns3::empty, ns3::empty, ns3::empty >'],) in wrapper public: retval? ???::SetHashCallback (params?);
  [param('ns3::Callback< std::pair< unsigned int, double >, ns3::Ptr< ns3::Packet >, ns3::empty, ns3::empty, ns3::empty, ns3::empty, ns3::empty, ns3::empty, ns3::empty, ns3::empty >', 'hash')])
/home/czhe/Documents/ns-allinone-3.16/ns-3.16/src/point-to-point/bindings/modulegen__gcc_LP64.py:3831: Warning: exception TypeLookupError(['uint'],) in wrapper public: retval? ???::Trace (params?);
  [param('uint', 'nByte')])
/home/czhe/Documents/ns-allinone-3.16/ns-3.16/src/point-to-point/bindings/modulegen__gcc_LP64.py:4555: Warning: exception TypeLookupError(['ns3::Callback< void, ns3::empty, ns3::empty, ns3::empty, ns3::empty, ns3::empty, ns3::empty, ns3::empty, ns3::empty, ns3::empty >'],) in wrapper public: virtual retval? ???::AddLinkChangeCallback (params?) = 0;
  is_pure_virtual=True, is_virtual=True)
/home/czhe/Documents/ns-allinone-3.16/ns-3.16/src/point-to-point/bindings/modulegen__gcc_LP64.py:4732: Warning: exception TypeLookupError(['ns3::Ptr< ns3::Application >', 'ns3::Application *'],) in wrapper public: retval? ???::AddApplication (params?);
  [param('ns3::Ptr< ns3::Application >', 'application')])
/home/czhe/Documents/ns-allinone-3.16/ns-3.16/src/point-to-point/bindings/modulegen__gcc_LP64.py:4746: Warning: exception TypeLookupError(['ns3::Ptr< ns3::Application >', 'ns3::Application *'],) in wrapper public: retval? ???::GetApplication (params?) const;
  is_const=True)
/home/czhe/Documents/ns-allinone-3.16/ns-3.16/src/point-to-point/bindings/modulegen__gcc_LP64.py:4780: Warning: exception TypeLookupError(['ns3::Callback< void, ns3::Ptr< ns3::NetDevice >, ns3::empty, ns3::empty, ns3::empty, ns3::empty, ns3::empty, ns3::empty, ns3::empty, ns3::empty >'],) in wrapper public: retval? ???::RegisterDeviceAdditionListener (params?);
  [param('ns3::Callback< void, ns3::Ptr< ns3::NetDevice >, ns3::empty, ns3::empty, ns3::empty, ns3::empty, ns3::empty, ns3::empty, ns3::empty, ns3::empty >', 'listener')])
/home/czhe/Documents/ns-allinone-3.16/ns-3.16/src/point-to-point/bindings/modulegen__gcc_LP64.py:4788: Warning: exception TypeLookupError(['ns3::Callback< void, ns3::Ptr< ns3::NetDevice >, ns3::empty, ns3::empty, ns3::empty, ns3::empty, ns3::empty, ns3::empty, ns3::empty, ns3::empty >'],) in wrapper public: retval? ???::UnregisterDeviceAdditionListener (params?);
  [param('ns3::Callback< void, ns3::Ptr< ns3::NetDevice >, ns3::empty, ns3::empty, ns3::empty, ns3::empty, ns3::empty, ns3::empty, ns3::empty, ns3::empty >', 'listener')])
/home/czhe/Documents/ns-allinone-3.16/ns-3.16/src/point-to-point/bindings/modulegen__gcc_LP64.py:4896: Warning: exception TypeLookupError(['std::ostream *'],) in wrapper <pybindgen.cppmethod.CppConstructor object at 0x7f56803b7090>
  cls.add_constructor([param('std::ostream *', 'os')])
/home/czhe/Documents/ns-allinone-3.16/ns-3.16/src/point-to-point/bindings/modulegen__gcc_LP64.py:4900: Warning: exception TypeLookupError(['std::ostream *'],) in wrapper public: retval? ???::GetStream (params?);
  [])
/home/czhe/Documents/ns-allinone-3.16/ns-3.16/src/point-to-point/bindings/modulegen__gcc_LP64.py:4912: Warning: exception TypeConfigurationError('direction not given',) in wrapper <pybindgen.cppmethod.CppConstructor object at 0x7f56803b7e50>
  cls.add_constructor([param('uint8_t const *', 'buffer'), param('uint32_t', 'size'), param('bool', 'magic')])
/home/czhe/Documents/ns-allinone-3.16/ns-3.16/src/point-to-point/bindings/modulegen__gcc_LP64.py:4914: Warning: exception TypeConfigurationError('direction not given',) in wrapper <pybindgen.cppmethod.CppConstructor object at 0x7f56803b7e90>
  cls.add_constructor([param('uint8_t const *', 'buffer'), param('uint32_t', 'size')])
/home/czhe/Documents/ns-allinone-3.16/ns-3.16/src/point-to-point/bindings/modulegen__gcc_LP64.py:4955: Warning: exception TypeConfigurationError('direction not given',) in wrapper public: retval? ???::CopyData (params?) const;
  is_const=True)
/home/czhe/Documents/ns-allinone-3.16/ns-3.16/src/point-to-point/bindings/modulegen__gcc_LP64.py:4960: Warning: exception TypeLookupError(['std::ostream *'],) in wrapper public: retval? ???::CopyData (params?) const;
  is_const=True)
/home/czhe/Documents/ns-allinone-3.16/ns-3.16/src/point-to-point/bindings/modulegen__gcc_LP64.py:5015: Warning: exception TypeLookupError(['uint8_t *'],) in wrapper public: retval? ???::PeekData (params?) const;
  deprecated=True, is_const=True)
/home/czhe/Documents/ns-allinone-3.16/ns-3.16/src/point-to-point/bindings/modulegen__gcc_LP64.py:5034: Warning: exception TypeLookupError(['std::ostream &'],) in wrapper public: retval? ???::Print (params?) const;
  is_const=True)
/home/czhe/Documents/ns-allinone-3.16/ns-3.16/src/point-to-point/bindings/modulegen__gcc_LP64.py:5039: Warning: exception TypeLookupError(['std::ostream &'],) in wrapper public: retval? ???::PrintByteTags (params?) const;
  is_const=True)
/home/czhe/Documents/ns-allinone-3.16/ns-3.16/src/point-to-point/bindings/modulegen__gcc_LP64.py:5044: Warning: exception TypeLookupError(['std::ostream &'],) in wrapper public: retval? ???::PrintPacketTags (params?) const;
  is_const=True)
/home/czhe/Documents/ns-allinone-3.16/ns-3.16/src/point-to-point/bindings/modulegen__gcc_LP64.py:5077: Warning: exception TypeConfigurationError('direction not given',) in wrapper public: retval? ???::Serialize (params?) const;
  is_const=True)
/home/czhe/Documents/ns-allinone-3.16/ns-3.16/src/point-to-point/bindings/modulegen__gcc_LP64.py:5264: Warning: exception TypeLookupError(['ns3::Callback< void, ns3::empty, ns3::empty, ns3::empty, ns3::empty, ns3::empty, ns3::empty, ns3::empty, ns3::empty, ns3::empty >'],) in wrapper public: virtual retval? ???::AddLinkChangeCallback (params?);
  is_virtual=True)
/home/czhe/Documents/ns-allinone-3.16/pybindgen-0.15.0.809/pybindgen/cppclass_typehandlers.py:1134: UserWarning: Returning shared pointers is dangerous!  The C++ API should be redesigned to avoid this situation.
  warnings.warn("Returning shared pointers is dangerous!"
